CS495ArbeTOUReum/app/build/intermediates/manifest_merge_blame_file/debug/manifest-merger-blame-debug-report.txt
1<?xml version="1.0" encoding="utf-8"?>
2<manifest xmlns:android="http://schemas.android.com/apk/res/android"
3    package="com.example.cs495arbetoureum"
4    android:versionCode="1"
5    android:versionName="1.0" >
6
7    <uses-sdk
8        android:minSdkVersion="15"
8-->src\main\AndroidManifest.xml
9        android:targetSdkVersion="29" />
9-->src\main\AndroidManifest.xml
10
11    <application
11-->src\main\AndroidManifest.xml:4:5-9:42
12        android:allowBackup="true"
12-->src\main\AndroidManifest.xml:4:18-44
13        android:appComponentFactory="androidx.core.app.CoreComponentFactory"
13-->[androidx.core:core:1.0.1] AndroidManifest.xml:22:18-86
14        android:debuggable="true"
15        android:icon="@mipmap/ic_launcher"
15-->src\main\AndroidManifest.xml:6:9-43
16        android:label="@string/app_name"
16-->src\main\AndroidManifest.xml:5:9-41
17        android:roundIcon="@mipmap/ic_launcher_round"
17-->src\main\AndroidManifest.xml:7:9-54
18        android:supportsRtl="true"
18-->src\main\AndroidManifest.xml:8:9-35
19        android:theme="@style/AppTheme" >
19-->src\main\AndroidManifest.xml:9:9-40
20        <activity
20-->[com.google.firebase:firebase-auth:16.0.5] AndroidManifest.xml:24:9-31:50
21            android:name="com.google.firebase.auth.internal.FederatedSignInActivity"
21-->[com.google.firebase:firebase-auth:16.0.5] AndroidManifest.xml:25:13-85
22            android:excludeFromRecents="true"
22-->[com.google.firebase:firebase-auth:16.0.5] AndroidManifest.xml:26:13-46
23            android:exported="true"
23-->[com.google.firebase:firebase-auth:16.0.5] AndroidManifest.xml:27:13-36
24            android:launchMode="singleTask"
24-->[com.google.firebase:firebase-auth:16.0.5] AndroidManifest.xml:28:13-44
25            android:permission="com.google.firebase.auth.api.gms.permission.LAUNCH_FEDERATED_SIGN_IN"
25-->[com.google.firebase:firebase-auth:16.0.5] AndroidManifest.xml:29:13-102
26            android:theme="@android:style/Theme.Translucent.NoTitleBar" />
26-->[com.google.firebase:firebase-auth:16.0.5] AndroidManifest.xml:30:13-72
27
28        <service
28-->[com.google.firebase:firebase-auth:16.0.5] AndroidManifest.xml:33:9-39:19
29            android:name="com.google.firebase.components.ComponentDiscoveryService"
29-->[com.google.firebase:firebase-auth:16.0.5] AndroidManifest.xml:34:13-84
30            android:exported="false" >
30-->[com.google.firebase:firebase-auth:16.0.5] AndroidManifest.xml:35:13-37
31            <meta-data
31-->[com.google.firebase:firebase-auth:16.0.5] AndroidManifest.xml:36:13-38:85
32                android:name="com.google.firebase.components:com.google.firebase.auth.FirebaseAuthRegistrar"
32-->[com.google.firebase:firebase-auth:16.0.5] AndroidManifest.xml:37:17-109
33                android:value="com.google.firebase.components.ComponentRegistrar" />
33-->[com.google.firebase:firebase-auth:16.0.5] AndroidManifest.xml:38:17-82
34        </service>
35
36        <activity
36-->[com.google.android.gms:play-services-base:16.0.1] AndroidManifest.xml:23:9-26:75
37            android:name="com.google.android.gms.common.api.GoogleApiActivity"
37-->[com.google.android.gms:play-services-base:16.0.1] AndroidManifest.xml:24:13-79
38            android:exported="false"
38-->[com.google.android.gms:play-services-base:16.0.1] AndroidManifest.xml:25:13-37
39            android:theme="@android:style/Theme.Translucent.NoTitleBar" />
39-->[com.google.android.gms:play-services-base:16.0.1] AndroidManifest.xml:26:13-72
40
41        <provider
41-->[com.google.firebase:firebase-common:16.0.3] AndroidManifest.xml:10:9-14:39
42            android:name="com.google.firebase.provider.FirebaseInitProvider"
42-->[com.google.firebase:firebase-common:16.0.3] AndroidManifest.xml:11:13-77
43            android:authorities="com.example.cs495arbetoureum.firebaseinitprovider"
43-->[com.google.firebase:firebase-common:16.0.3] AndroidManifest.xml:12:13-72
44            android:exported="false"
44-->[com.google.firebase:firebase-common:16.0.3] AndroidManifest.xml:13:13-37
45            android:initOrder="100" />
45-->[com.google.firebase:firebase-common:16.0.3] AndroidManifest.xml:14:13-36
46
47        <meta-data
47-->[com.google.android.gms:play-services-basement:16.1.0] AndroidManifest.xml:23:9-25:69
48            android:name="com.google.android.gms.version"
48-->[com.google.android.gms:play-services-basement:16.1.0] AndroidManifest.xml:24:13-58
49            android:value="@integer/google_play_services_version" />
49-->[com.google.android.gms:play-services-basement:16.1.0] AndroidManifest.xml:25:13-66
50    </application>
51
52</manifest>